<?xml version="1.0" encoding="UTF-8"?>
<!-- Generated by org.testng.reporters.JUnitReportReporter -->
<testsuite hostname="IN-95002526-4" failures="0" tests="1" name="amantest.Appiumtest" time="16.257" errors="0" timestamp="2022-08-20T14:37:45 IST" skipped="0">
  <testcase classname="amantest.Appiumtest" name="AppiumTest" time="16.257"/>
  <system-out/>
</testsuite> <!-- amantest.Appiumtest -->
